[2024-07-24T03:37:47.719+0000] {logging_mixin.py:151} INFO - Changing /opt/airflow/logs/dag_id=etl_reddit_pipeline/run_id=manual__2024-07-24T03:37:44.320693+00:00/task_id=reddit_extraction permission to 509
[2024-07-24T03:37:47.721+0000] {logging_mixin.py:151} INFO - Failed to change /opt/airflow/logs/dag_id=etl_reddit_pipeline/run_id=manual__2024-07-24T03:37:44.320693+00:00/task_id=reddit_extraction permission to 509: [Errno 1] Operation not permitted: '/opt/airflow/logs/dag_id=etl_reddit_pipeline/run_id=manual__2024-07-24T03:37:44.320693+00:00/task_id=reddit_extraction'
[2024-07-24T03:37:47.754+0000] {logging_mixin.py:151} INFO - Changing /opt/airflow/logs/dag_id=etl_reddit_pipeline/run_id=manual__2024-07-24T03:37:44.320693+00:00/task_id=reddit_extraction permission to 509
[2024-07-24T03:37:47.755+0000] {logging_mixin.py:151} INFO - Failed to change /opt/airflow/logs/dag_id=etl_reddit_pipeline/run_id=manual__2024-07-24T03:37:44.320693+00:00/task_id=reddit_extraction permission to 509: [Errno 1] Operation not permitted: '/opt/airflow/logs/dag_id=etl_reddit_pipeline/run_id=manual__2024-07-24T03:37:44.320693+00:00/task_id=reddit_extraction'
[2024-07-24T03:37:47.792+0000] {taskinstance.py:1159} INFO - Dependencies all met for dep_context=non-requeueable deps ti=<TaskInstance: etl_reddit_pipeline.reddit_extraction manual__2024-07-24T03:37:44.320693+00:00 [queued]>
[2024-07-24T03:37:47.801+0000] {taskinstance.py:1159} INFO - Dependencies all met for dep_context=requeueable deps ti=<TaskInstance: etl_reddit_pipeline.reddit_extraction manual__2024-07-24T03:37:44.320693+00:00 [queued]>
[2024-07-24T03:37:47.801+0000] {taskinstance.py:1361} INFO - Starting attempt 1 of 1
[2024-07-24T03:37:47.816+0000] {taskinstance.py:1382} INFO - Executing <Task(PythonOperator): reddit_extraction> on 2024-07-24 03:37:44.320693+00:00
[2024-07-24T03:37:47.825+0000] {standard_task_runner.py:57} INFO - Started process 74 to run task
[2024-07-24T03:37:47.837+0000] {standard_task_runner.py:84} INFO - Running: ['airflow', 'tasks', 'run', 'etl_reddit_pipeline', 'reddit_extraction', 'manual__2024-07-24T03:37:44.320693+00:00', '--job-id', '6', '--raw', '--subdir', 'DAGS_FOLDER/reddit_dag.py', '--cfg-path', '/tmp/tmpnjsreez3']
[2024-07-24T03:37:47.874+0000] {standard_task_runner.py:85} INFO - Job 6: Subtask reddit_extraction
[2024-07-24T03:37:48.124+0000] {logging_mixin.py:151} INFO - Changing /opt/airflow/logs/dag_id=etl_reddit_pipeline/run_id=manual__2024-07-24T03:37:44.320693+00:00/task_id=reddit_extraction permission to 509
[2024-07-24T03:37:48.124+0000] {logging_mixin.py:151} INFO - Failed to change /opt/airflow/logs/dag_id=etl_reddit_pipeline/run_id=manual__2024-07-24T03:37:44.320693+00:00/task_id=reddit_extraction permission to 509: [Errno 1] Operation not permitted: '/opt/airflow/logs/dag_id=etl_reddit_pipeline/run_id=manual__2024-07-24T03:37:44.320693+00:00/task_id=reddit_extraction'
[2024-07-24T03:37:48.128+0000] {task_command.py:416} INFO - Running <TaskInstance: etl_reddit_pipeline.reddit_extraction manual__2024-07-24T03:37:44.320693+00:00 [running]> on host a3b014fcf0aa
[2024-07-24T03:37:48.303+0000] {taskinstance.py:1662} INFO - Exporting env vars: AIRFLOW_CTX_DAG_OWNER='Ibrahim Fazili' AIRFLOW_CTX_DAG_ID='etl_reddit_pipeline' AIRFLOW_CTX_TASK_ID='reddit_extraction' AIRFLOW_CTX_EXECUTION_DATE='2024-07-24T03:37:44.320693+00:00' AIRFLOW_CTX_TRY_NUMBER='1' AIRFLOW_CTX_DAG_RUN_ID='manual__2024-07-24T03:37:44.320693+00:00'
[2024-07-24T03:37:48.316+0000] {logging_mixin.py:151} INFO - Connected to Reddit!
[2024-07-24T03:37:48.962+0000] {python.py:194} INFO - Done. Returned value was: /opt/airflow/data/output/reddit_20240724.csv
[2024-07-24T03:37:49.024+0000] {taskinstance.py:1400} INFO - Marking task as SUCCESS. dag_id=etl_reddit_pipeline, task_id=reddit_extraction, execution_date=20240724T033744, start_date=20240724T033747, end_date=20240724T033749
[2024-07-24T03:37:49.068+0000] {local_task_job_runner.py:228} INFO - Task exited with return code 0
[2024-07-24T03:37:49.088+0000] {taskinstance.py:2778} INFO - 1 downstream tasks scheduled from follow-on schedule check
