[2024-07-24T03:37:51.066+0000] {logging_mixin.py:151} INFO - Changing /opt/airflow/logs/dag_id=etl_reddit_pipeline/run_id=manual__2024-07-24T03:37:44.320693+00:00/task_id=upload_s3 permission to 509
[2024-07-24T03:37:51.067+0000] {logging_mixin.py:151} INFO - Failed to change /opt/airflow/logs/dag_id=etl_reddit_pipeline/run_id=manual__2024-07-24T03:37:44.320693+00:00/task_id=upload_s3 permission to 509: [Errno 1] Operation not permitted: '/opt/airflow/logs/dag_id=etl_reddit_pipeline/run_id=manual__2024-07-24T03:37:44.320693+00:00/task_id=upload_s3'
[2024-07-24T03:37:51.099+0000] {logging_mixin.py:151} INFO - Changing /opt/airflow/logs/dag_id=etl_reddit_pipeline/run_id=manual__2024-07-24T03:37:44.320693+00:00/task_id=upload_s3 permission to 509
[2024-07-24T03:37:51.100+0000] {logging_mixin.py:151} INFO - Failed to change /opt/airflow/logs/dag_id=etl_reddit_pipeline/run_id=manual__2024-07-24T03:37:44.320693+00:00/task_id=upload_s3 permission to 509: [Errno 1] Operation not permitted: '/opt/airflow/logs/dag_id=etl_reddit_pipeline/run_id=manual__2024-07-24T03:37:44.320693+00:00/task_id=upload_s3'
[2024-07-24T03:37:51.132+0000] {taskinstance.py:1159} INFO - Dependencies all met for dep_context=non-requeueable deps ti=<TaskInstance: etl_reddit_pipeline.upload_s3 manual__2024-07-24T03:37:44.320693+00:00 [queued]>
[2024-07-24T03:37:51.139+0000] {taskinstance.py:1159} INFO - Dependencies all met for dep_context=requeueable deps ti=<TaskInstance: etl_reddit_pipeline.upload_s3 manual__2024-07-24T03:37:44.320693+00:00 [queued]>
[2024-07-24T03:37:51.140+0000] {taskinstance.py:1361} INFO - Starting attempt 1 of 1
[2024-07-24T03:37:51.152+0000] {taskinstance.py:1382} INFO - Executing <Task(PythonOperator): upload_s3> on 2024-07-24 03:37:44.320693+00:00
[2024-07-24T03:37:51.165+0000] {standard_task_runner.py:57} INFO - Started process 77 to run task
[2024-07-24T03:37:51.168+0000] {standard_task_runner.py:84} INFO - Running: ['airflow', 'tasks', 'run', 'etl_reddit_pipeline', 'upload_s3', 'manual__2024-07-24T03:37:44.320693+00:00', '--job-id', '7', '--raw', '--subdir', 'DAGS_FOLDER/reddit_dag.py', '--cfg-path', '/tmp/tmp79ezfy4z']
[2024-07-24T03:37:51.171+0000] {standard_task_runner.py:85} INFO - Job 7: Subtask upload_s3
[2024-07-24T03:37:51.234+0000] {logging_mixin.py:151} INFO - Changing /opt/airflow/logs/dag_id=etl_reddit_pipeline/run_id=manual__2024-07-24T03:37:44.320693+00:00/task_id=upload_s3 permission to 509
[2024-07-24T03:37:51.235+0000] {logging_mixin.py:151} INFO - Failed to change /opt/airflow/logs/dag_id=etl_reddit_pipeline/run_id=manual__2024-07-24T03:37:44.320693+00:00/task_id=upload_s3 permission to 509: [Errno 1] Operation not permitted: '/opt/airflow/logs/dag_id=etl_reddit_pipeline/run_id=manual__2024-07-24T03:37:44.320693+00:00/task_id=upload_s3'
[2024-07-24T03:37:51.237+0000] {task_command.py:416} INFO - Running <TaskInstance: etl_reddit_pipeline.upload_s3 manual__2024-07-24T03:37:44.320693+00:00 [running]> on host a3b014fcf0aa
[2024-07-24T03:37:51.322+0000] {taskinstance.py:1662} INFO - Exporting env vars: AIRFLOW_CTX_DAG_OWNER='Ibrahim Fazili' AIRFLOW_CTX_DAG_ID='etl_reddit_pipeline' AIRFLOW_CTX_TASK_ID='upload_s3' AIRFLOW_CTX_EXECUTION_DATE='2024-07-24T03:37:44.320693+00:00' AIRFLOW_CTX_TRY_NUMBER='1' AIRFLOW_CTX_DAG_RUN_ID='manual__2024-07-24T03:37:44.320693+00:00'
[2024-07-24T03:37:51.601+0000] {logging_mixin.py:151} INFO - Bucket already exists:  if-reddit-engineering
[2024-07-24T03:37:51.836+0000] {logging_mixin.py:151} INFO - File uploaded to S3 bucket
[2024-07-24T03:37:51.837+0000] {python.py:194} INFO - Done. Returned value was: None
[2024-07-24T03:37:51.849+0000] {taskinstance.py:1400} INFO - Marking task as SUCCESS. dag_id=etl_reddit_pipeline, task_id=upload_s3, execution_date=20240724T033744, start_date=20240724T033751, end_date=20240724T033751
[2024-07-24T03:37:51.903+0000] {local_task_job_runner.py:228} INFO - Task exited with return code 0
[2024-07-24T03:37:51.918+0000] {taskinstance.py:2778} INFO - 0 downstream tasks scheduled from follow-on schedule check
