[2024-07-21T23:42:24.843+0000] {manager.py:470} INFO - Processing files using up to 2 processes at a time 
[2024-07-21T23:42:24.844+0000] {manager.py:471} INFO - Process each file at most once every 30 seconds
[2024-07-21T23:42:24.845+0000] {manager.py:472} INFO - Checking for new files in /opt/airflow/dags every 300 seconds
[2024-07-21T23:42:24.846+0000] {manager.py:737} INFO - Searching for files in /opt/airflow/dags
[2024-07-21T23:42:24.849+0000] {manager.py:740} INFO - There are 0 files in /opt/airflow/dags
[2024-07-21T23:44:57.902+0000] {manager.py:452} INFO - Exiting gracefully upon receiving signal 15
[2024-07-21T23:46:08.996+0000] {manager.py:470} INFO - Processing files using up to 2 processes at a time 
[2024-07-21T23:46:08.998+0000] {manager.py:471} INFO - Process each file at most once every 30 seconds
[2024-07-21T23:46:08.999+0000] {manager.py:472} INFO - Checking for new files in /opt/airflow/dags every 300 seconds
[2024-07-21T23:46:08.999+0000] {manager.py:737} INFO - Searching for files in /opt/airflow/dags
[2024-07-21T23:46:09.003+0000] {manager.py:740} INFO - There are 0 files in /opt/airflow/dags
[2024-07-21T23:48:05.271+0000] {manager.py:452} INFO - Exiting gracefully upon receiving signal 15
[2024-07-21T23:48:23.183+0000] {manager.py:470} INFO - Processing files using up to 2 processes at a time 
[2024-07-21T23:48:23.184+0000] {manager.py:471} INFO - Process each file at most once every 30 seconds
[2024-07-21T23:48:23.185+0000] {manager.py:472} INFO - Checking for new files in /opt/airflow/dags every 300 seconds
[2024-07-21T23:48:23.186+0000] {manager.py:737} INFO - Searching for files in /opt/airflow/dags
[2024-07-21T23:48:23.190+0000] {manager.py:740} INFO - There are 0 files in /opt/airflow/dags
[2024-07-21T23:52:15.313+0000] {manager.py:452} INFO - Exiting gracefully upon receiving signal 15
[2024-07-22T00:52:54.216+0000] {manager.py:470} INFO - Processing files using up to 2 processes at a time 
[2024-07-22T00:52:54.218+0000] {manager.py:471} INFO - Process each file at most once every 30 seconds
[2024-07-22T00:52:54.219+0000] {manager.py:472} INFO - Checking for new files in /opt/airflow/dags every 300 seconds
[2024-07-22T00:52:54.220+0000] {manager.py:737} INFO - Searching for files in /opt/airflow/dags
[2024-07-22T00:52:54.228+0000] {manager.py:740} INFO - There are 0 files in /opt/airflow/dags
[2024-07-22T00:57:54.413+0000] {manager.py:737} INFO - Searching for files in /opt/airflow/dags
[2024-07-22T00:57:54.423+0000] {manager.py:740} INFO - There are 0 files in /opt/airflow/dags
[2024-07-22T01:02:54.531+0000] {manager.py:737} INFO - Searching for files in /opt/airflow/dags
[2024-07-22T01:02:54.536+0000] {manager.py:740} INFO - There are 0 files in /opt/airflow/dags
[2024-07-22T01:07:54.672+0000] {manager.py:737} INFO - Searching for files in /opt/airflow/dags
[2024-07-22T01:07:54.676+0000] {manager.py:740} INFO - There are 0 files in /opt/airflow/dags
[2024-07-22T01:12:54.762+0000] {manager.py:737} INFO - Searching for files in /opt/airflow/dags
[2024-07-22T01:12:54.765+0000] {manager.py:740} INFO - There are 0 files in /opt/airflow/dags
[2024-07-22T01:17:54.874+0000] {manager.py:737} INFO - Searching for files in /opt/airflow/dags
[2024-07-22T01:17:54.877+0000] {manager.py:740} INFO - There are 0 files in /opt/airflow/dags
[2024-07-22T01:22:54.942+0000] {manager.py:737} INFO - Searching for files in /opt/airflow/dags
[2024-07-22T01:22:54.944+0000] {manager.py:740} INFO - There are 0 files in /opt/airflow/dags
[2024-07-22T01:27:55.051+0000] {manager.py:737} INFO - Searching for files in /opt/airflow/dags
[2024-07-22T01:27:55.054+0000] {manager.py:740} INFO - There are 0 files in /opt/airflow/dags
[2024-07-22T01:32:55.146+0000] {manager.py:737} INFO - Searching for files in /opt/airflow/dags
[2024-07-22T01:32:55.149+0000] {manager.py:740} INFO - There are 0 files in /opt/airflow/dags
[2024-07-22T01:37:55.291+0000] {manager.py:737} INFO - Searching for files in /opt/airflow/dags
[2024-07-22T01:37:55.294+0000] {manager.py:740} INFO - There are 0 files in /opt/airflow/dags
[2024-07-22T01:42:55.371+0000] {manager.py:737} INFO - Searching for files in /opt/airflow/dags
[2024-07-22T01:42:55.375+0000] {manager.py:740} INFO - There are 0 files in /opt/airflow/dags
[2024-07-22T01:47:55.430+0000] {manager.py:737} INFO - Searching for files in /opt/airflow/dags
[2024-07-22T01:47:55.433+0000] {manager.py:740} INFO - There are 0 files in /opt/airflow/dags
